<html>
<body>
<pre>
<h1>µVision Build Log</h1>
<h2>Tool Versions:</h2>
IDE-Version: µVision V5.22.0.0
Copyright (C) 2016 ARM Ltd and ARM Germany GmbH. All rights reserved.
License Information: Vasya Pupkin, Home, LIC=BL2BS-LT2RL-WKSB8-3T4QT-QE6B1-TPHPR
 
Tool Versions:
Toolchain:       MDK-ARM Professional  Version: 5.22
Toolchain Path:  C:\Keil_v5\ARM\ARMCC\Bin
C Compiler:      Armcc.exe V5.06 update 4 (build 422)
Assembler:       Armasm.exe V5.06 update 4 (build 422)
Linker/Locator:  ArmLink.exe V5.06 update 4 (build 422)
Library Manager: ArmAr.exe V5.06 update 4 (build 422)
Hex Converter:   FromElf.exe V5.06 update 4 (build 422)
CPU DLL:         SARMCM3.DLL V5.22
Dialog DLL:      DCM.DLL V1.13.9.0
Target DLL:      UL2CM3.DLL V1.159.0.0
Dialog DLL:      TCM.DLL V1.21.0.0
 
<h2>Project:</h2>
D:\YandexDisk\Work\Microcontrolers\STM32\Projects\itb_vector\MDK-ARM\itb_vector.uvprojx
Project File Date:  11/19/2019

<h2>Output:</h2>
*** Using Compiler 'V5.06 update 4 (build 422)', folder: 'C:\Keil_v5\ARM\ARMCC\Bin'
Build target 'itb_vector'
assembling startup_stm32f405xx.s...
compiling dac.c...
compiling sys.c...
compiling sdio.c...
compiling adc.c...
compiling gpio.c...
compiling i2c.c...
compiling main.c...
compiling stm32f4xx_hal_msp.c...
compiling usbd_cdc_if.c...
compiling usbd_conf.c...
compiling tim.c...
compiling usbd_desc.c...
compiling usb_device.c...
compiling stm32f4xx_it.c...
compiling system_stm32f4xx.c...
compiling itb.c...
..\my_files\itb.c(20): error:  #79: expected a type specifier
  void init_trm(&trm_ptr)
..\my_files\itb.c(20): error:  #141-D: unnamed prototyped parameters not allowed when body is present
  void init_trm(&trm_ptr)
..\my_files\itb.c(25): error:  #79: expected a type specifier
  void read_trm(&trm_ptr)
..\my_files\itb.c(25): error:  #141-D: unnamed prototyped parameters not allowed when body is present
  void read_trm(&trm_ptr)
..\my_files\itb.c: 0 warnings, 4 errors
compiling vcp_time_segmentation.c...
compiling stm32f4xx_hal_pcd_ex.c...
compiling stm32f4xx_hal_rcc.c...
compiling stm32f4xx_hal_pcd.c...
compiling stm32f4xx_ll_usb.c...
compiling stm32f4xx_hal_rcc_ex.c...
compiling stm32f4xx_hal_flash.c...
compiling stm32f4xx_hal_dma.c...
compiling stm32f4xx_hal_flash_ex.c...
compiling stm32f4xx_hal_flash_ramfunc.c...
compiling stm32f4xx_hal_gpio.c...
compiling stm32f4xx_hal_dma_ex.c...
compiling stm32f4xx_hal_exti.c...
compiling stm32f4xx_hal_cortex.c...
compiling stm32f4xx_hal.c...
compiling stm32f4xx_hal_pwr.c...
compiling stm32f4xx_hal_pwr_ex.c...
compiling stm32f4xx_hal_adc.c...
compiling stm32f4xx_hal_dac_ex.c...
compiling stm32f4xx_hal_i2c_ex.c...
compiling stm32f4xx_ll_sdmmc.c...
compiling stm32f4xx_hal_adc_ex.c...
compiling stm32f4xx_hal_dac.c...
compiling stm32f4xx_hal_i2c.c...
compiling stm32f4xx_hal_sd.c...
compiling stm32f4xx_hal_tim_ex.c...
compiling usbd_core.c...
compiling stm32f4xx_hal_tim.c...
compiling usbd_ctlreq.c...
compiling usbd_ioreq.c...
compiling usbd_cdc.c...
".\itb_vector\itb_vector.axf" - 4 Error(s), 0 Warning(s).

<h2>Software Packages used:</h2>

Package Vendor: ARM
                http://www.keil.com/pack/ARM.CMSIS.5.4.0.pack
                ARM::CMSIS:CORE:5.1.2
                CMSIS (Cortex Microcontroller Software Interface Standard)
   * Component: CORE Version: 5.1.2

<h2>Collection of Component include folders:</h2>
  D:\YandexDisk\Work\Microcontrolers\STM32\Projects\itb_vector\MDK-ARM\RTE\_itb_vector
  C:\Keil_v5\ARM\PACK\ARM\CMSIS\5.4.0\CMSIS\Core\Include
  C:\Keil_v5\ARM\PACK\Keil\STM32F4xx_DFP\2.13.0\Drivers\CMSIS\Device\ST\STM32F4xx\Include

<h2>Collection of Component Files used:</h2>

   * Component: ARM::CMSIS:CORE:5.1.2
Target not created.
Build Time Elapsed:  00:00:58
</pre>
</body>
</html>
